<?xml version="1.0" encoding="UTF-8"?>
<testng-results skipped="0" failed="2" ignored="0" total="11" passed="9">
  <reporter-output>
  </reporter-output>
  <suite name="Suite" duration-ms="19137" started-at="2019-11-27T02:22:09 IST" finished-at="2019-11-27T02:22:28 IST">
    <groups>
    </groups>
    <test name="Test" duration-ms="19137" started-at="2019-11-27T02:22:09 IST" finished-at="2019-11-27T02:22:28 IST">
      <class name="Selenium.letsKodItTestCases">
        <test-method status="PASS" signature="testCase(java.lang.String)[pri:0, instance:Selenium.letsKodItTestCases@687a762c]" name="testCase" is-config="true" duration-ms="10246" started-at="2019-11-27T02:22:09 IST" finished-at="2019-11-27T02:22:19 IST">
          <params>
            <param index="0">
              <value>
                <![CDATA[https://learn.letskodeit.com/p/practice]]>
              </value>
            </param>
          </params>
          <reporter-output>
          </reporter-output>
        </test-method> <!-- testCase -->
        <test-method status="PASS" signature="testCase02()[pri:0, instance:Selenium.letsKodItTestCases@687a762c]" name="testCase02" duration-ms="458" started-at="2019-11-27T02:22:19 IST" finished-at="2019-11-27T02:22:20 IST">
          <reporter-output>
          </reporter-output>
        </test-method> <!-- testCase02 -->
        <test-method status="PASS" signature="testCase03()[pri:0, instance:Selenium.letsKodItTestCases@687a762c]" name="testCase03" duration-ms="279" started-at="2019-11-27T02:22:20 IST" finished-at="2019-11-27T02:22:20 IST">
          <reporter-output>
          </reporter-output>
        </test-method> <!-- testCase03 -->
        <test-method status="PASS" signature="testCase06()[pri:0, instance:Selenium.letsKodItTestCases@687a762c]" name="testCase06" duration-ms="386" started-at="2019-11-27T02:22:20 IST" finished-at="2019-11-27T02:22:20 IST">
          <reporter-output>
          </reporter-output>
        </test-method> <!-- testCase06 -->
        <test-method status="PASS" signature="testCase07()[pri:0, instance:Selenium.letsKodItTestCases@687a762c]" name="testCase07" duration-ms="404" started-at="2019-11-27T02:22:20 IST" finished-at="2019-11-27T02:22:21 IST">
          <reporter-output>
          </reporter-output>
        </test-method> <!-- testCase07 -->
        <test-method status="PASS" signature="testCase08()[pri:0, instance:Selenium.letsKodItTestCases@687a762c]" name="testCase08" duration-ms="413" started-at="2019-11-27T02:22:21 IST" finished-at="2019-11-27T02:22:21 IST">
          <reporter-output>
          </reporter-output>
        </test-method> <!-- testCase08 -->
        <test-method status="PASS" signature="testCase09()[pri:0, instance:Selenium.letsKodItTestCases@687a762c]" name="testCase09" duration-ms="169" started-at="2019-11-27T02:22:21 IST" finished-at="2019-11-27T02:22:21 IST">
          <reporter-output>
          </reporter-output>
        </test-method> <!-- testCase09 -->
        <test-method status="PASS" signature="testCase01()[pri:0, instance:Selenium.letsKodItTestCases@687a762c]" name="testCase01" duration-ms="299" started-at="2019-11-27T02:22:21 IST" finished-at="2019-11-27T02:22:22 IST">
          <reporter-output>
          </reporter-output>
        </test-method> <!-- testCase01 -->
        <test-method status="PASS" signature="testCase04()[pri:0, instance:Selenium.letsKodItTestCases@687a762c]" name="testCase04" duration-ms="249" started-at="2019-11-27T02:22:22 IST" finished-at="2019-11-27T02:22:22 IST">
          <reporter-output>
          </reporter-output>
        </test-method> <!-- testCase04 -->
        <test-method status="FAIL" signature="testCase10()[pri:0, instance:Selenium.letsKodItTestCases@687a762c]" name="testCase10" duration-ms="26" started-at="2019-11-27T02:22:22 IST" finished-at="2019-11-27T02:22:22 IST">
          <exception class="java.lang.IndexOutOfBoundsException">
            <message>
              <![CDATA[Index: 10, Size: 4]]>
            </message>
            <full-stacktrace>
              <![CDATA[java.lang.IndexOutOfBoundsException: Index: 10, Size: 4
at java.util.ArrayList.rangeCheck(ArrayList.java:657)
at java.util.ArrayList.get(ArrayList.java:433)
at Selenium.letsKodItTestCases.testCase10(letsKodItTestCases.java:145)
at sun.reflect.NativeMethodAccessorImpl.invoke0(Native Method)
at sun.reflect.NativeMethodAccessorImpl.invoke(NativeMethodAccessorImpl.java:62)
at sun.reflect.DelegatingMethodAccessorImpl.invoke(DelegatingMethodAccessorImpl.java:43)
at java.lang.reflect.Method.invoke(Method.java:498)
at org.testng.internal.MethodInvocationHelper.invokeMethod(MethodInvocationHelper.java:133)
at org.testng.internal.TestInvoker.invokeMethod(TestInvoker.java:584)
at org.testng.internal.TestInvoker.invokeTestMethod(TestInvoker.java:172)
at org.testng.internal.MethodRunner.runInSequence(MethodRunner.java:46)
at org.testng.internal.TestInvoker$MethodInvocationAgent.invoke(TestInvoker.java:804)
at org.testng.internal.TestInvoker.invokeTestMethods(TestInvoker.java:145)
at org.testng.internal.TestMethodWorker.invokeTestMethods(TestMethodWorker.java:146)
at org.testng.internal.TestMethodWorker.run(TestMethodWorker.java:128)
at java.util.ArrayList.forEach(ArrayList.java:1257)
at org.testng.TestRunner.privateRun(TestRunner.java:770)
at org.testng.TestRunner.run(TestRunner.java:591)
at org.testng.SuiteRunner.runTest(SuiteRunner.java:402)
at org.testng.SuiteRunner.runSequentially(SuiteRunner.java:396)
at org.testng.SuiteRunner.privateRun(SuiteRunner.java:355)
at org.testng.SuiteRunner.run(SuiteRunner.java:304)
at org.testng.SuiteRunnerWorker.runSuite(SuiteRunnerWorker.java:53)
at org.testng.SuiteRunnerWorker.run(SuiteRunnerWorker.java:96)
at org.testng.TestNG.runSuitesSequentially(TestNG.java:1180)
at org.testng.TestNG.runSuitesLocally(TestNG.java:1102)
at org.testng.TestNG.runSuites(TestNG.java:1032)
at org.testng.TestNG.run(TestNG.java:1000)
at org.testng.remote.AbstractRemoteTestNG.run(AbstractRemoteTestNG.java:115)
at org.testng.remote.RemoteTestNG.initAndRun(RemoteTestNG.java:251)
at org.testng.remote.RemoteTestNG.main(RemoteTestNG.java:77)
]]>
            </full-stacktrace>
          </exception> <!-- java.lang.IndexOutOfBoundsException -->
          <reporter-output>
          </reporter-output>
        </test-method> <!-- testCase10 -->
        <test-method status="PASS" signature="testCase05()[pri:0, instance:Selenium.letsKodItTestCases@687a762c]" name="testCase05" duration-ms="4459" started-at="2019-11-27T02:22:22 IST" depends-on-methods="Selenium.letsKodItTestCases.testCase06" finished-at="2019-11-27T02:22:27 IST">
          <reporter-output>
          </reporter-output>
        </test-method> <!-- testCase05 -->
        <test-method status="PASS" signature="testCaseClose()[pri:0, instance:Selenium.letsKodItTestCases@687a762c]" name="testCaseClose" is-config="true" duration-ms="685" started-at="2019-11-27T02:22:27 IST" finished-at="2019-11-27T02:22:28 IST">
          <reporter-output>
          </reporter-output>
        </test-method> <!-- testCaseClose -->
      </class> <!-- Selenium.letsKodItTestCases -->
      <class name="Selenium.msrctcTestCases">
        <test-method status="FAIL" signature="testCase11(java.lang.String, java.lang.String)[pri:0, instance:Selenium.msrctcTestCases@1a2e2935]" name="testCase11" duration-ms="175" started-at="2019-11-27T02:22:27 IST" data-provider="driveTest" finished-at="2019-11-27T02:22:27 IST">
          <exception class="org.testng.internal.reflect.MethodMatcherException">
            <message>
              <![CDATA[
[public void Selenium.msrctcTestCases.testCase11(java.lang.String,java.lang.String) throws java.io.IOException] has no parameters defined but was found to be using a data provider (either explicitly specified or inherited from class level annotation).
Data provider mismatch
Method: testCase11([Parameter{index=0, type=java.lang.String, declaredAnnotations=[]}, Parameter{index=1, type=java.lang.String, declaredAnnotations=[]}])
Arguments: [(java.lang.String) testCase11,(java.lang.String) Man,(java.lang.String) Mangalore,(java.lang.String) 0]]]>
            </message>
            <full-stacktrace>
              <![CDATA[org.testng.internal.reflect.MethodMatcherException: 
[public void Selenium.msrctcTestCases.testCase11(java.lang.String,java.lang.String) throws java.io.IOException] has no parameters defined but was found to be using a data provider (either explicitly specified or inherited from class level annotation).
Data provider mismatch
Method: testCase11([Parameter{index=0, type=java.lang.String, declaredAnnotations=[]}, Parameter{index=1, type=java.lang.String, declaredAnnotations=[]}])
Arguments: [(java.lang.String) testCase11,(java.lang.String) Man,(java.lang.String) Mangalore,(java.lang.String) 0]
at org.testng.internal.reflect.DataProviderMethodMatcher.getConformingArguments(DataProviderMethodMatcher.java:43)
at org.testng.internal.Parameters.injectParameters(Parameters.java:925)
at org.testng.internal.MethodRunner.runInSequence(MethodRunner.java:34)
at org.testng.internal.TestInvoker$MethodInvocationAgent.invoke(TestInvoker.java:804)
at org.testng.internal.TestInvoker.invokeTestMethods(TestInvoker.java:145)
at org.testng.internal.TestMethodWorker.invokeTestMethods(TestMethodWorker.java:146)
at org.testng.internal.TestMethodWorker.run(TestMethodWorker.java:128)
at java.util.ArrayList.forEach(ArrayList.java:1257)
at org.testng.TestRunner.privateRun(TestRunner.java:770)
at org.testng.TestRunner.run(TestRunner.java:591)
at org.testng.SuiteRunner.runTest(SuiteRunner.java:402)
at org.testng.SuiteRunner.runSequentially(SuiteRunner.java:396)
at org.testng.SuiteRunner.privateRun(SuiteRunner.java:355)
at org.testng.SuiteRunner.run(SuiteRunner.java:304)
at org.testng.SuiteRunnerWorker.runSuite(SuiteRunnerWorker.java:53)
at org.testng.SuiteRunnerWorker.run(SuiteRunnerWorker.java:96)
at org.testng.TestNG.runSuitesSequentially(TestNG.java:1180)
at org.testng.TestNG.runSuitesLocally(TestNG.java:1102)
at org.testng.TestNG.runSuites(TestNG.java:1032)
at org.testng.TestNG.run(TestNG.java:1000)
at org.testng.remote.AbstractRemoteTestNG.run(AbstractRemoteTestNG.java:115)
at org.testng.remote.RemoteTestNG.initAndRun(RemoteTestNG.java:251)
at org.testng.remote.RemoteTestNG.main(RemoteTestNG.java:77)
]]>
            </full-stacktrace>
          </exception> <!-- org.testng.internal.reflect.MethodMatcherException -->
          <reporter-output>
          </reporter-output>
        </test-method> <!-- testCase11 -->
      </class> <!-- Selenium.msrctcTestCases -->
    </test> <!-- Test -->
  </suite> <!-- Suite -->
</testng-results>
