<?xml version="1.0" encoding="UTF-8"?>
<!-- Generated by org.testng.reporters.JUnitReportReporter -->
<testsuite skipped="0" hostname="Icarus" name="Selenium.letsKodItTestCases" tests="10" failures="0" timestamp="2019-11-27T02:22:28 IST" time="7.142" errors="1">
  <testcase name="testCase07" time="0.404" classname="Selenium.letsKodItTestCases"/>
  <testcase name="testCase03" time="0.279" classname="Selenium.letsKodItTestCases"/>
  <testcase name="testCase09" time="0.169" classname="Selenium.letsKodItTestCases"/>
  <testcase name="testCase06" time="0.386" classname="Selenium.letsKodItTestCases"/>
  <testcase name="testCase04" time="0.249" classname="Selenium.letsKodItTestCases"/>
  <testcase name="testCase08" time="0.413" classname="Selenium.letsKodItTestCases"/>
  <testcase name="testCase10" time="0.026" classname="Selenium.letsKodItTestCases">
    <error type="java.lang.IndexOutOfBoundsException" message="Index: 10, Size: 4">
      <![CDATA[java.lang.IndexOutOfBoundsException: Index: 10, Size: 4
at java.util.ArrayList.rangeCheck(ArrayList.java:657)
at java.util.ArrayList.get(ArrayList.java:433)
at Selenium.letsKodItTestCases.testCase10(letsKodItTestCases.java:145)
at sun.reflect.NativeMethodAccessorImpl.invoke0(Native Method)
at sun.reflect.NativeMethodAccessorImpl.invoke(NativeMethodAccessorImpl.java:62)
at sun.reflect.DelegatingMethodAccessorImpl.invoke(DelegatingMethodAccessorImpl.java:43)
at java.lang.reflect.Method.invoke(Method.java:498)
at org.testng.internal.MethodInvocationHelper.invokeMethod(MethodInvocationHelper.java:133)
at org.testng.internal.TestInvoker.invokeMethod(TestInvoker.java:584)
at org.testng.internal.TestInvoker.invokeTestMethod(TestInvoker.java:172)
at org.testng.internal.MethodRunner.runInSequence(MethodRunner.java:46)
at org.testng.internal.TestInvoker$MethodInvocationAgent.invoke(TestInvoker.java:804)
at org.testng.internal.TestInvoker.invokeTestMethods(TestInvoker.java:145)
at org.testng.internal.TestMethodWorker.invokeTestMethods(TestMethodWorker.java:146)
at org.testng.internal.TestMethodWorker.run(TestMethodWorker.java:128)
at java.util.ArrayList.forEach(ArrayList.java:1257)
at org.testng.TestRunner.privateRun(TestRunner.java:770)
at org.testng.TestRunner.run(TestRunner.java:591)
at org.testng.SuiteRunner.runTest(SuiteRunner.java:402)
at org.testng.SuiteRunner.runSequentially(SuiteRunner.java:396)
at org.testng.SuiteRunner.privateRun(SuiteRunner.java:355)
at org.testng.SuiteRunner.run(SuiteRunner.java:304)
at org.testng.SuiteRunnerWorker.runSuite(SuiteRunnerWorker.java:53)
at org.testng.SuiteRunnerWorker.run(SuiteRunnerWorker.java:96)
at org.testng.TestNG.runSuitesSequentially(TestNG.java:1180)
at org.testng.TestNG.runSuitesLocally(TestNG.java:1102)
at org.testng.TestNG.runSuites(TestNG.java:1032)
at org.testng.TestNG.run(TestNG.java:1000)
at org.testng.remote.AbstractRemoteTestNG.run(AbstractRemoteTestNG.java:115)
at org.testng.remote.RemoteTestNG.initAndRun(RemoteTestNG.java:251)
at org.testng.remote.RemoteTestNG.main(RemoteTestNG.java:77)
]]>
    </error>
  </testcase> <!-- testCase10 -->
  <testcase name="testCase05" time="4.459" classname="Selenium.letsKodItTestCases"/>
  <testcase name="testCase01" time="0.299" classname="Selenium.letsKodItTestCases"/>
  <testcase name="testCase02" time="0.458" classname="Selenium.letsKodItTestCases"/>
</testsuite> <!-- Selenium.letsKodItTestCases -->
